{"/home/laboratoriad309/Documentos/Markdown Links/SCL007-md-links/index.js": {"path":"/home/laboratoriad309/Documentos/Markdown Links/SCL007-md-links/index.js","statementMap":{"0":{"start":{"line":1,"column":15},"end":{"line":1,"column":33}},"1":{"start":{"line":3,"column":0},"end":{"line":3,"column":41}},"2":{"start":{"line":4,"column":0},"end":{"line":4,"column":25}}},"fnMap":{},"branchMap":{},"s":{"0":1,"1":1,"2":1},"f":{},"b":{},"_coverageSchema":"332fd63041d2c1bcb487cc26dd0d5f7d97098a6c","hash":"171156a9f1d7cfc9fd9d9089e73b284766090f91"}
,"/home/laboratoriad309/Documentos/Markdown Links/SCL007-md-links/md.js": {"path":"/home/laboratoriad309/Documentos/Markdown Links/SCL007-md-links/md.js","statementMap":{"0":{"start":{"line":1,"column":11},"end":{"line":1,"column":24}},"1":{"start":{"line":2,"column":17},"end":{"line":2,"column":36}},"2":{"start":{"line":3,"column":14},"end":{"line":3,"column":35}},"3":{"start":{"line":4,"column":13},"end":{"line":4,"column":28}},"4":{"start":{"line":7,"column":16},"end":{"line":75,"column":1}},"5":{"start":{"line":9,"column":26},"end":{"line":32,"column":3}},"6":{"start":{"line":10,"column":4},"end":{"line":31,"column":6}},"7":{"start":{"line":11,"column":6},"end":{"line":30,"column":10}},"8":{"start":{"line":13,"column":10},"end":{"line":23,"column":11}},"9":{"start":{"line":14,"column":12},"end":{"line":17,"column":14}},"10":{"start":{"line":19,"column":12},"end":{"line":22,"column":14}},"11":{"start":{"line":26,"column":10},"end":{"line":29,"column":12}},"12":{"start":{"line":34,"column":23},"end":{"line":34,"column":44}},"13":{"start":{"line":35,"column":2},"end":{"line":74,"column":3}},"14":{"start":{"line":36,"column":24},"end":{"line":36,"column":46}},"15":{"start":{"line":37,"column":4},"end":{"line":63,"column":7}},"16":{"start":{"line":38,"column":27},"end":{"line":40,"column":8}},"17":{"start":{"line":42,"column":25},"end":{"line":42,"column":27}},"18":{"start":{"line":43,"column":24},"end":{"line":43,"column":25}},"19":{"start":{"line":44,"column":6},"end":{"line":59,"column":8}},"20":{"start":{"line":45,"column":8},"end":{"line":45,"column":22}},"21":{"start":{"line":46,"column":23},"end":{"line":46,"column":33}},"22":{"start":{"line":48,"column":22},"end":{"line":48,"column":65}},"23":{"start":{"line":49,"column":26},"end":{"line":49,"column":49}},"24":{"start":{"line":51,"column":8},"end":{"line":58,"column":9}},"25":{"start":{"line":52,"column":10},"end":{"line":57,"column":14}},"26":{"start":{"line":60,"column":6},"end":{"line":62,"column":9}},"27":{"start":{"line":61,"column":8},"end":{"line":61,"column":46}},"28":{"start":{"line":64,"column":9},"end":{"line":74,"column":3}},"29":{"start":{"line":65,"column":4},"end":{"line":71,"column":6}},"30":{"start":{"line":66,"column":6},"end":{"line":66,"column":40}},"31":{"start":{"line":68,"column":6},"end":{"line":70,"column":9}},"32":{"start":{"line":69,"column":8},"end":{"line":69,"column":35}},"33":{"start":{"line":73,"column":4},"end":{"line":73,"column":31}},"34":{"start":{"line":77,"column":0},"end":{"line":79,"column":20}},"35":{"start":{"line":78,"column":2},"end":{"line":79,"column":20}},"36":{"start":{"line":82,"column":0},"end":{"line":82,"column":25}}},"fnMap":{"0":{"name":"(anonymous_0)","decl":{"start":{"line":7,"column":16},"end":{"line":7,"column":17}},"loc":{"start":{"line":7,"column":30},"end":{"line":75,"column":1}},"line":7},"1":{"name":"(anonymous_1)","decl":{"start":{"line":9,"column":26},"end":{"line":9,"column":27}},"loc":{"start":{"line":9,"column":36},"end":{"line":32,"column":3}},"line":9},"2":{"name":"(anonymous_2)","decl":{"start":{"line":10,"column":23},"end":{"line":10,"column":24}},"loc":{"start":{"line":10,"column":44},"end":{"line":31,"column":5}},"line":10},"3":{"name":"(anonymous_3)","decl":{"start":{"line":12,"column":14},"end":{"line":12,"column":15}},"loc":{"start":{"line":12,"column":23},"end":{"line":24,"column":9}},"line":12},"4":{"name":"(anonymous_4)","decl":{"start":{"line":25,"column":15},"end":{"line":25,"column":16}},"loc":{"start":{"line":25,"column":24},"end":{"line":30,"column":9}},"line":25},"5":{"name":"(anonymous_5)","decl":{"start":{"line":37,"column":23},"end":{"line":37,"column":24}},"loc":{"start":{"line":37,"column":44},"end":{"line":63,"column":5}},"line":37},"6":{"name":"(anonymous_6)","decl":{"start":{"line":44,"column":30},"end":{"line":44,"column":31}},"loc":{"start":{"line":44,"column":52},"end":{"line":59,"column":7}},"line":44},"7":{"name":"(anonymous_7)","decl":{"start":{"line":60,"column":31},"end":{"line":60,"column":32}},"loc":{"start":{"line":60,"column":37},"end":{"line":62,"column":7}},"line":60},"8":{"name":"(anonymous_8)","decl":{"start":{"line":65,"column":52},"end":{"line":65,"column":53}},"loc":{"start":{"line":65,"column":57},"end":{"line":67,"column":5}},"line":65},"9":{"name":"(anonymous_9)","decl":{"start":{"line":67,"column":13},"end":{"line":67,"column":14}},"loc":{"start":{"line":67,"column":21},"end":{"line":71,"column":5}},"line":67},"10":{"name":"(anonymous_10)","decl":{"start":{"line":68,"column":41},"end":{"line":68,"column":42}},"loc":{"start":{"line":68,"column":59},"end":{"line":70,"column":7}},"line":68}},"branchMap":{"0":{"loc":{"start":{"line":13,"column":10},"end":{"line":23,"column":11}},"type":"if","locations":[{"start":{"line":13,"column":10},"end":{"line":23,"column":11}},{"start":{"line":13,"column":10},"end":{"line":23,"column":11}}],"line":13},"1":{"loc":{"start":{"line":35,"column":2},"end":{"line":74,"column":3}},"type":"if","locations":[{"start":{"line":35,"column":2},"end":{"line":74,"column":3}},{"start":{"line":35,"column":2},"end":{"line":74,"column":3}}],"line":35},"2":{"loc":{"start":{"line":35,"column":6},"end":{"line":35,"column":74}},"type":"binary-expr","locations":[{"start":{"line":35,"column":6},"end":{"line":35,"column":38}},{"start":{"line":35,"column":42},"end":{"line":35,"column":74}}],"line":35},"3":{"loc":{"start":{"line":51,"column":8},"end":{"line":58,"column":9}},"type":"if","locations":[{"start":{"line":51,"column":8},"end":{"line":58,"column":9}},{"start":{"line":51,"column":8},"end":{"line":58,"column":9}}],"line":51},"4":{"loc":{"start":{"line":64,"column":9},"end":{"line":74,"column":3}},"type":"if","locations":[{"start":{"line":64,"column":9},"end":{"line":74,"column":3}},{"start":{"line":64,"column":9},"end":{"line":74,"column":3}}],"line":64},"5":{"loc":{"start":{"line":77,"column":0},"end":{"line":79,"column":20}},"type":"if","locations":[{"start":{"line":77,"column":0},"end":{"line":79,"column":20}},{"start":{"line":77,"column":0},"end":{"line":79,"column":20}}],"line":77}},"s":{"0":1,"1":1,"2":1,"3":1,"4":1,"5":7,"6":7,"7":7,"8":0,"9":0,"10":0,"11":7,"12":7,"13":7,"14":1,"15":1,"16":1,"17":1,"18":1,"19":1,"20":65,"21":65,"22":65,"23":65,"24":65,"25":7,"26":1,"27":1,"28":6,"29":3,"30":3,"31":3,"32":0,"33":3,"34":1,"35":0,"36":1},"f":{"0":7,"1":7,"2":7,"3":0,"4":7,"5":1,"6":65,"7":1,"8":3,"9":3,"10":0},"b":{"0":[0,0],"1":[1,6],"2":[7,4],"3":[7,58],"4":[3,3],"5":[0,1]},"_coverageSchema":"332fd63041d2c1bcb487cc26dd0d5f7d97098a6c","hash":"059de6d2210dd39d41c5220ead8738750b7a8510"}
}
