TN:
SF:/home/laboratoriad309/Documentos/Markdown Links/SCL007-md-links/index.js
FNF:0
FNH:0
DA:1,1
DA:3,1
DA:4,1
LF:3
LH:3
BRF:0
BRH:0
end_of_record
TN:
SF:/home/laboratoriad309/Documentos/Markdown Links/SCL007-md-links/md.js
FN:7,(anonymous_0)
FN:9,(anonymous_1)
FN:10,(anonymous_2)
FN:12,(anonymous_3)
FN:25,(anonymous_4)
FN:37,(anonymous_5)
FN:44,(anonymous_6)
FN:60,(anonymous_7)
FN:65,(anonymous_8)
FN:67,(anonymous_9)
FN:68,(anonymous_10)
FNF:11
FNH:9
FNDA:7,(anonymous_0)
FNDA:7,(anonymous_1)
FNDA:7,(anonymous_2)
FNDA:0,(anonymous_3)
FNDA:7,(anonymous_4)
FNDA:1,(anonymous_5)
FNDA:65,(anonymous_6)
FNDA:1,(anonymous_7)
FNDA:3,(anonymous_8)
FNDA:3,(anonymous_9)
FNDA:0,(anonymous_10)
DA:1,1
DA:2,1
DA:3,1
DA:4,1
DA:7,1
DA:9,7
DA:10,7
DA:11,7
DA:13,0
DA:14,0
DA:19,0
DA:26,7
DA:34,7
DA:35,7
DA:36,1
DA:37,1
DA:38,1
DA:42,1
DA:43,1
DA:44,1
DA:45,65
DA:46,65
DA:48,65
DA:49,65
DA:51,65
DA:52,7
DA:60,1
DA:61,1
DA:64,6
DA:65,3
DA:66,3
DA:68,3
DA:69,0
DA:73,3
DA:77,1
DA:78,0
DA:82,1
LF:37
LH:32
BRDA:13,0,0,0
BRDA:13,0,1,0
BRDA:35,1,0,1
BRDA:35,1,1,6
BRDA:35,2,0,7
BRDA:35,2,1,4
BRDA:51,3,0,7
BRDA:51,3,1,58
BRDA:64,4,0,3
BRDA:64,4,1,3
BRDA:77,5,0,0
BRDA:77,5,1,1
BRF:12
BRH:9
end_of_record
