TN:
SF:/home/laboratoriad309/Documentos/Markdown Links/SCL007-md-links/index.js
FNF:0
FNH:0
DA:1,1
DA:5,1
DA:6,0
DA:10,1
LF:4
LH:3
BRDA:5,0,0,0
BRDA:5,0,1,1
BRF:2
BRH:1
end_of_record
TN:
SF:/home/laboratoriad309/Documentos/Markdown Links/SCL007-md-links/md.js
FN:7,(anonymous_0)
FN:9,(anonymous_1)
FN:10,(anonymous_2)
FN:12,(anonymous_3)
FN:25,(anonymous_4)
FN:37,(anonymous_5)
FN:44,(anonymous_6)
FN:60,(anonymous_7)
FN:65,(anonymous_8)
FN:67,(anonymous_9)
FN:68,(anonymous_10)
FNF:11
FNH:3
FNDA:6,(anonymous_0)
FNDA:0,(anonymous_1)
FNDA:0,(anonymous_2)
FNDA:0,(anonymous_3)
FNDA:0,(anonymous_4)
FNDA:0,(anonymous_5)
FNDA:0,(anonymous_6)
FNDA:0,(anonymous_7)
FNDA:3,(anonymous_8)
FNDA:3,(anonymous_9)
FNDA:0,(anonymous_10)
DA:1,1
DA:2,1
DA:3,1
DA:4,1
DA:7,1
DA:9,6
DA:10,0
DA:11,0
DA:13,0
DA:14,0
DA:19,0
DA:26,0
DA:34,6
DA:35,6
DA:36,0
DA:37,0
DA:38,0
DA:42,0
DA:43,0
DA:44,0
DA:45,0
DA:46,0
DA:48,0
DA:49,0
DA:51,0
DA:52,0
DA:60,0
DA:61,0
DA:64,6
DA:65,3
DA:66,3
DA:68,3
DA:69,0
DA:73,3
DA:80,1
LF:35
LH:14
BRDA:13,0,0,0
BRDA:13,0,1,0
BRDA:35,1,0,0
BRDA:35,1,1,6
BRDA:35,2,0,6
BRDA:35,2,1,3
BRDA:51,3,0,0
BRDA:51,3,1,0
BRDA:64,4,0,3
BRDA:64,4,1,3
BRF:10
BRH:5
end_of_record
